<!DOCTYPE html PUBLIC "-//W3C//DTD XHTML 1.1//EN" "https://www.w3.org/TR/xhtml11/DTD/xhtml11.dtd">
<html xmlns="https://www.w3.org/1999/xhtml">
<head>
<meta http-equiv="content-type" content="text/html; charset=UTF-8"/>
<title>TestNG Report</title>
<style type="text/css">table {margin-bottom:10px;border-collapse:collapse;empty-cells:show}th,td {border:1px solid #009;padding:.25em .5em}th {vertical-align:bottom}td {vertical-align:top}table a {font-weight:bold}.stripe td {background-color: #E6EBF9}.num {text-align:right}.passedodd td {background-color: #3F3}.passedeven td {background-color: #0A0}.skippedodd td {background-color: #DDD}.skippedeven td {background-color: #CCC}.failedodd td,.attn {background-color: #F33}.failedeven td,.stripe .attn {background-color: #D00}.stacktrace {white-space:pre;font-family:monospace}.totop {font-size:85%;text-align:center;border-bottom:2px solid #000}.invisible {display:none}</style>
</head>
<body>
<table>
<tr><th>Test</th><th># Passed</th><th># Skipped</th><th># Retried</th><th># Failed</th><th>Time (ms)</th><th>Included Groups</th><th>Excluded Groups</th></tr>
<tr><th colspan="8">Tests.Test_Methods_Cazoo</th></tr>
<tr><td><a href="#t0">Command line test</a></td><td class="num">1</td><td class="num">0</td><td class="num">0</td><td class="num attn">4</td><td class="num">26,507</td><td></td><td></td></tr>
</table>
<table id='summary'><thead><tr><th>Class</th><th>Method</th><th>Start</th><th>Time (ms)</th></tr></thead><tbody><tr><th colspan="4">Tests.Test_Methods_Cazoo</th></tr></tbody><tbody id="t0"><tr><th colspan="4">Command line test &#8212; failed</th></tr><tr class="failedeven"><td rowspan="4">Tests.Test_Methods_Cazoo</td><td><a href="#m0">searchTest</a></td><td rowspan="4">1668629616011</td><td rowspan="4">1202</td></tr><tr class="failedeven"><td><a href="#m1">searchTest</a></td></tr><tr class="failedeven"><td><a href="#m2">searchTest</a></td></tr><tr class="failedeven"><td><a href="#m3">searchTest</a></td></tr><tr><th colspan="4">Command line test &#8212; passed</th></tr><tr class="passedeven"><td rowspan="1">Tests.Test_Methods_Cazoo</td><td><a href="#m4">searchTest</a></td><td rowspan="1">1668629638328</td><td rowspan="1">1733</td></tr></tbody>
</table>
<h2>Command line test</h2><h3 id="m0">Tests.Test_Methods_Cazoo#searchTest</h3><table class="result"><tr class="param"><th>Parameter #1</th></tr><tr class="param stripe"><td>AD58 VNF</td></tr><tr><th>Exception</th></tr><tr><td><div class="stacktrace">java.lang.AssertionError: expected [ 1 Series 2.0 120d M Sport Coupe 2dr Diesel Manual (128 g/km] but found [1 Series 2.0 120d M Sport Coupe 2dr Diesel Manual Euro 4 (177 ps)]
	at Tests.Test_Methods_Cazoo.searchTest(Test_Methods_Cazoo.java:81)
	at java.base/java.util.ArrayList.forEach(ArrayList.java:1511)
... Removed 38 stack frames</div></td></tr></table><p class="totop"><a href="#summary">back to summary</a></p>
<h3 id="m1">Tests.Test_Methods_Cazoo#searchTest</h3><table class="result"><tr class="param"><th>Parameter #1</th></tr><tr class="param stripe"><td>KT17DLX</td></tr><tr><th>Exception</th></tr><tr><td><div class="stacktrace">java.lang.AssertionError: expected [Superb 2.0 TDI SportLine Estate 5dr Diesel DSG Auto 6Spd (s/s) (190 ps)] but found [Superb 2.0 TDI SportLine Estate 5dr Diesel DSG Auto 6Spd Euro 6 (s/s) (190 ps)]
	at Tests.Test_Methods_Cazoo.searchTest(Test_Methods_Cazoo.java:81)
	at java.base/java.util.ArrayList.forEach(ArrayList.java:1511)
... Removed 38 stack frames</div></td></tr></table><p class="totop"><a href="#summary">back to summary</a></p>
<h3 id="m2">Tests.Test_Methods_Cazoo#searchTest</h3><table class="result"><tr class="param"><th>Parameter #1</th></tr><tr class="param stripe"><td>SG18 HTN</td></tr><tr><th>Exception</th></tr><tr><td><div class="stacktrace">java.lang.AssertionError: expected [Golf 1.5 TSI EVO SE Nav Hatchback 5dr Petrol (s/s) (130 ps)] but found [Golf 1.5 TSI EVO SE Nav Hatchback 5dr Petrol Manual Euro 6 (s/s) (130 ps)]
	at Tests.Test_Methods_Cazoo.searchTest(Test_Methods_Cazoo.java:81)
	at java.base/java.util.ArrayList.forEach(ArrayList.java:1511)
... Removed 38 stack frames</div></td></tr></table><p class="totop"><a href="#summary">back to summary</a></p>
<h3 id="m3">Tests.Test_Methods_Cazoo#searchTest</h3><table class="result"><tr class="param"><th>Parameter #1</th></tr><tr class="param stripe"><td>BW57 BOW</td></tr><tr><th>Exception</th></tr><tr><td><div class="stacktrace">java.lang.AssertionError: Registration Does not exist&apos; 
	at Objects.CazooSearchResults.getResultsText(CazooSearchResults.java:47)
	at Tests.Test_Methods_Cazoo.searchTest(Test_Methods_Cazoo.java:60)
	at java.base/java.util.ArrayList.forEach(ArrayList.java:1511)
... Removed 33 stack frames</div></td></tr></table><p class="totop"><a href="#summary">back to summary</a></p>
<h3 id="m4">Tests.Test_Methods_Cazoo#searchTest</h3><table class="result"><tr class="param"><th>Parameter #1</th></tr><tr class="param stripe"><td>MT20ZPP</td></tr></table><p class="totop"><a href="#summary">back to summary</a></p>
</body>
</html>
