-------------------------------------------------------------------------------
Test set: Tests.Test_Methods_Cazoo
-------------------------------------------------------------------------------
Tests run: 5, Failures: 4, Errors: 0, Skipped: 0, Time elapsed: 26.965 sec <<< FAILURE!
searchTest(Tests.Test_Methods_Cazoo)  Time elapsed: 1.205 sec  <<< FAILURE!
java.lang.AssertionError: expected [ 1 Series 2.0 120d M Sport Coupe 2dr Diesel Manual (128 g/km] but found [1 Series 2.0 120d M Sport Coupe 2dr Diesel Manual Euro 4 (177 ps)]
	at org.testng.Assert.fail(Assert.java:110)
	at org.testng.Assert.failNotEquals(Assert.java:1413)
	at org.testng.Assert.assertEqualsImpl(Assert.java:149)
	at org.testng.Assert.assertEquals(Assert.java:131)
	at org.testng.Assert.assertEquals(Assert.java:655)
	at org.testng.Assert.assertEquals(Assert.java:665)
	at Tests.Test_Methods_Cazoo.searchTest(Test_Methods_Cazoo.java:81)

searchTest(Tests.Test_Methods_Cazoo)  Time elapsed: 10.82 sec  <<< FAILURE!
java.lang.AssertionError: Registration Does not exist' 
	at org.testng.Assert.fail(Assert.java:110)
	at Objects.CazooSearchResults.getResultsText(CazooSearchResults.java:47)
	at Tests.Test_Methods_Cazoo.searchTest(Test_Methods_Cazoo.java:60)

searchTest(Tests.Test_Methods_Cazoo)  Time elapsed: 1.284 sec  <<< FAILURE!
java.lang.AssertionError: expected [Superb 2.0 TDI SportLine Estate 5dr Diesel DSG Auto 6Spd (s/s) (190 ps)] but found [Superb 2.0 TDI SportLine Estate 5dr Diesel DSG Auto 6Spd Euro 6 (s/s) (190 ps)]
	at org.testng.Assert.fail(Assert.java:110)
	at org.testng.Assert.failNotEquals(Assert.java:1413)
	at org.testng.Assert.assertEqualsImpl(Assert.java:149)
	at org.testng.Assert.assertEquals(Assert.java:131)
	at org.testng.Assert.assertEquals(Assert.java:655)
	at org.testng.Assert.assertEquals(Assert.java:665)
	at Tests.Test_Methods_Cazoo.searchTest(Test_Methods_Cazoo.java:81)

searchTest(Tests.Test_Methods_Cazoo)  Time elapsed: 1.397 sec  <<< FAILURE!
java.lang.AssertionError: expected [Golf 1.5 TSI EVO SE Nav Hatchback 5dr Petrol (s/s) (130 ps)] but found [Golf 1.5 TSI EVO SE Nav Hatchback 5dr Petrol Manual Euro 6 (s/s) (130 ps)]
	at org.testng.Assert.fail(Assert.java:110)
	at org.testng.Assert.failNotEquals(Assert.java:1413)
	at org.testng.Assert.assertEqualsImpl(Assert.java:149)
	at org.testng.Assert.assertEquals(Assert.java:131)
	at org.testng.Assert.assertEquals(Assert.java:655)
	at org.testng.Assert.assertEquals(Assert.java:665)
	at Tests.Test_Methods_Cazoo.searchTest(Test_Methods_Cazoo.java:81)

