<?xml version="1.0" encoding="UTF-8"?>
<!-- Generated by org.testng.reporters.JUnitXMLReporter -->
<testsuite ignored="0" hostname="farzans-MacBook-Pro-5.local" failures="4" tests="5" name="Command line test" time="26.507" errors="0" timestamp="2022-11-16T20:14:00 GMT">
  <testcase classname="Tests.Test_Methods_Cazoo" name="searchTest" time="1.202">
    <failure type="java.lang.AssertionError" message="expected [ 1 Series 2.0 120d M Sport Coupe 2dr Diesel Manual (128 g/km] but found [1 Series 2.0 120d M Sport Coupe 2dr Diesel Manual Euro 4 (177 ps)]">
      <![CDATA[java.lang.AssertionError: expected [ 1 Series 2.0 120d M Sport Coupe 2dr Diesel Manual (128 g/km] but found [1 Series 2.0 120d M Sport Coupe 2dr Diesel Manual Euro 4 (177 ps)]
at Tests.Test_Methods_Cazoo.searchTest(Test_Methods_Cazoo.java:81)
at java.base/java.util.ArrayList.forEach(ArrayList.java:1511)
... Removed 38 stack frames]]>
    </failure>
  </testcase> <!-- searchTest -->
  <testcase classname="Tests.Test_Methods_Cazoo" name="searchTest" time="10.819">
    <failure type="java.lang.AssertionError" message="Registration Does not exist&amp;apos; ">
      <![CDATA[java.lang.AssertionError: Registration Does not exist' 
at Objects.CazooSearchResults.getResultsText(CazooSearchResults.java:47)
at Tests.Test_Methods_Cazoo.searchTest(Test_Methods_Cazoo.java:60)
at java.base/java.util.ArrayList.forEach(ArrayList.java:1511)
... Removed 33 stack frames]]>
    </failure>
  </testcase> <!-- searchTest -->
  <testcase classname="Tests.Test_Methods_Cazoo" name="searchTest" time="1.283">
    <failure type="java.lang.AssertionError" message="expected [Superb 2.0 TDI SportLine Estate 5dr Diesel DSG Auto 6Spd (s/s) (190 ps)] but found [Superb 2.0 TDI SportLine Estate 5dr Diesel DSG Auto 6Spd Euro 6 (s/s) (190 ps)]">
      <![CDATA[java.lang.AssertionError: expected [Superb 2.0 TDI SportLine Estate 5dr Diesel DSG Auto 6Spd (s/s) (190 ps)] but found [Superb 2.0 TDI SportLine Estate 5dr Diesel DSG Auto 6Spd Euro 6 (s/s) (190 ps)]
at Tests.Test_Methods_Cazoo.searchTest(Test_Methods_Cazoo.java:81)
at java.base/java.util.ArrayList.forEach(ArrayList.java:1511)
... Removed 38 stack frames]]>
    </failure>
  </testcase> <!-- searchTest -->
  <testcase classname="Tests.Test_Methods_Cazoo" name="searchTest" time="1.397">
    <failure type="java.lang.AssertionError" message="expected [Golf 1.5 TSI EVO SE Nav Hatchback 5dr Petrol (s/s) (130 ps)] but found [Golf 1.5 TSI EVO SE Nav Hatchback 5dr Petrol Manual Euro 6 (s/s) (130 ps)]">
      <![CDATA[java.lang.AssertionError: expected [Golf 1.5 TSI EVO SE Nav Hatchback 5dr Petrol (s/s) (130 ps)] but found [Golf 1.5 TSI EVO SE Nav Hatchback 5dr Petrol Manual Euro 6 (s/s) (130 ps)]
at Tests.Test_Methods_Cazoo.searchTest(Test_Methods_Cazoo.java:81)
at java.base/java.util.ArrayList.forEach(ArrayList.java:1511)
... Removed 38 stack frames]]>
    </failure>
  </testcase> <!-- searchTest -->
  <testcase classname="Tests.Test_Methods_Cazoo" name="searchTest" time="1.733"/>
</testsuite> <!-- Command line test -->
